<?xml version="1.0" encoding="UTF-8"?>
<!-- Generated by org.testng.reporters.JUnitReportReporter -->
<testsuite hostname="moxbook.local" name="com.collective.usertests.persistence.dao.ReasonDaoTestCase" tests="2" failures="0" timestamp="25 Oct 2012 09:25:10 GMT" time="3,221" errors="0">
  <testcase name="shouldTestCRUD" time="3,194" classname="com.collective.usertests.persistence.dao.ReasonDaoTestCase"/>
  <testcase name="shouldTestSelectAll" time="0,027" classname="com.collective.usertests.persistence.dao.ReasonDaoTestCase"/>
</testsuite>
