<?xml version="1.0" encoding="UTF-8"?>
<!-- Generated by org.testng.reporters.JUnitReportReporter -->
<testsuite hostname="moxbook.local" name="com.collective.usertests.persistence.configuration.ConfigurationManagerTestCase" tests="1" failures="0" timestamp="25 Oct 2012 09:25:10 GMT" time="0,004" errors="0">
  <testcase name="testConfiguration" time="0,004" classname="com.collective.usertests.persistence.configuration.ConfigurationManagerTestCase"/>
</testsuite>
