<?xml version="1.0" encoding="UTF-8"?>
<!-- Generated by org.testng.reporters.JUnitReportReporter -->
<testsuite hostname="moxbook.local" name="com.collective.usertests.persistence.dao.UserFeedbackTestCase" tests="3" failures="0" timestamp="25 Oct 2012 09:25:10 GMT" time="0,989" errors="0">
  <testcase name="getAllUserFeedbackByUserId" time="0,753" classname="com.collective.usertests.persistence.dao.UserFeedbackTestCase"/>
  <testcase name="shouldTestCRUD" time="0,126" classname="com.collective.usertests.persistence.dao.UserFeedbackTestCase"/>
  <testcase name="shouldTestIncompleteObjectInsert" time="0,110" classname="com.collective.usertests.persistence.dao.UserFeedbackTestCase"/>
</testsuite>
