<?xml version="1.0" encoding="UTF-8" ?>
<testsuite failures="0" time="5.655" errors="0" skipped="0" tests="6" name="TestSuite">
  <properties>
    <property name="java.runtime.name" value="Java(TM) SE Runtime Environment"/>
    <property name="sun.boot.library.path" value="/System/Library/Java/JavaVirtualMachines/1.6.0.jdk/Contents/Libraries"/>
    <property name="java.vm.version" value="20.1-b02-384"/>
    <property name="awt.nativeDoubleBuffering" value="true"/>
    <property name="gopherProxySet" value="false"/>
    <property name="mrj.build" value="9M3425"/>
    <property name="java.vm.vendor" value="Apple Inc."/>
    <property name="java.vendor.url" value="http://www.apple.com/"/>
    <property name="path.separator" value=":"/>
    <property name="java.vm.name" value="Java HotSpot(TM) 64-Bit Server VM"/>
    <property name="file.encoding.pkg" value="sun.io"/>
    <property name="user.country" value="IT"/>
    <property name="sun.java.launcher" value="SUN_STANDARD"/>
    <property name="sun.os.patch.level" value="unknown"/>
    <property name="java.vm.specification.name" value="Java Virtual Machine Specification"/>
    <property name="user.dir" value="/Users/mox/Dati/Progetti/cybion/collective-workspace/collective/user-tests/persistence"/>
    <property name="java.runtime.version" value="1.6.0_26-b03-384-9M3425"/>
    <property name="java.awt.graphicsenv" value="apple.awt.CGraphicsEnvironment"/>
    <property name="basedir" value="/Users/mox/Dati/Progetti/cybion/collective-workspace/collective/user-tests/persistence"/>
    <property name="java.endorsed.dirs" value="/System/Library/Java/JavaVirtualMachines/1.6.0.jdk/Contents/Home/lib/endorsed"/>
    <property name="os.arch" value="x86_64"/>
    <property name="surefire.real.class.path" value="/var/folders/2D/2Ddp8FdXEgWrI0ZOIjx-LE+++TI/-Tmp-/surefirebooter6907215912101218226.jar"/>
    <property name="java.io.tmpdir" value="/var/folders/2D/2Ddp8FdXEgWrI0ZOIjx-LE+++TI/-Tmp-/"/>
    <property name="line.separator" value="
"/>
    <property name="java.vm.specification.vendor" value="Sun Microsystems Inc."/>
    <property name="os.name" value="Mac OS X"/>
    <property name="sun.jnu.encoding" value="MacRoman"/>
    <property name="java.library.path" value=".:/Library/Java/Extensions:/System/Library/Java/Extensions:/usr/lib/java"/>
    <property name="surefire.test.class.path" value="/Users/mox/Dati/Progetti/cybion/collective-workspace/collective/user-tests/persistence/target/test-classes:/Users/mox/Dati/Progetti/cybion/collective-workspace/collective/user-tests/persistence/target/classes:/Users/mox/.m2/repository/org/mybatis/mybatis/3.0.6/mybatis-3.0.6.jar:/Users/mox/.m2/repository/mysql/mysql-connector-java/5.1.13/mysql-connector-java-5.1.13.jar:/Users/mox/.m2/repository/joda-time/joda-time/1.6.2/joda-time-1.6.2.jar:/Users/mox/.m2/repository/commons-configuration/commons-configuration/1.6/commons-configuration-1.6.jar:/Users/mox/.m2/repository/commons-collections/commons-collections/3.2.1/commons-collections-3.2.1.jar:/Users/mox/.m2/repository/commons-lang/commons-lang/2.4/commons-lang-2.4.jar:/Users/mox/.m2/repository/commons-logging/commons-logging/1.1.1/commons-logging-1.1.1.jar:/Users/mox/.m2/repository/commons-digester/commons-digester/1.8/commons-digester-1.8.jar:/Users/mox/.m2/repository/commons-beanutils/commons-beanutils/1.7.0/commons-beanutils-1.7.0.jar:/Users/mox/.m2/repository/commons-beanutils/commons-beanutils-core/1.8.0/commons-beanutils-core-1.8.0.jar:/Users/mox/Dati/Progetti/cybion/collective-workspace/collective/user-tests/model/target/user-tests-model-1.0-SNAPSHOT.jar:/Users/mox/.m2/repository/com/google/code/gson/gson/2.2.2/gson-2.2.2.jar:/Users/mox/.m2/repository/log4j/log4j/1.2.15/log4j-1.2.15.jar:/Users/mox/.m2/repository/org/testng/testng/6.3.1/testng-6.3.1.jar:/Users/mox/.m2/repository/junit/junit/3.8.1/junit-3.8.1.jar:/Users/mox/.m2/repository/org/beanshell/bsh/2.0b4/bsh-2.0b4.jar:/Users/mox/.m2/repository/com/beust/jcommander/1.12/jcommander-1.12.jar:/Users/mox/.m2/repository/org/yaml/snakeyaml/1.6/snakeyaml-1.6.jar:"/>
    <property name="java.specification.name" value="Java Platform API Specification"/>
    <property name="java.class.version" value="50.0"/>
    <property name="sun.management.compiler" value="HotSpot 64-Bit Tiered Compilers"/>
    <property name="os.version" value="10.5.8"/>
    <property name="http.nonProxyHosts" value="local|*.local|169.254/16|*.169.254/16"/>
    <property name="user.home" value="/Users/mox"/>
    <property name="user.timezone" value="Europe/Rome"/>
    <property name="java.awt.printerjob" value="apple.awt.CPrinterJob"/>
    <property name="java.specification.version" value="1.6"/>
    <property name="file.encoding" value="MacRoman"/>
    <property name="user.name" value="mox"/>
    <property name="java.class.path" value="/Users/mox/Dati/Progetti/cybion/collective-workspace/collective/user-tests/persistence/target/test-classes:/Users/mox/Dati/Progetti/cybion/collective-workspace/collective/user-tests/persistence/target/classes:/Users/mox/.m2/repository/org/mybatis/mybatis/3.0.6/mybatis-3.0.6.jar:/Users/mox/.m2/repository/mysql/mysql-connector-java/5.1.13/mysql-connector-java-5.1.13.jar:/Users/mox/.m2/repository/joda-time/joda-time/1.6.2/joda-time-1.6.2.jar:/Users/mox/.m2/repository/commons-configuration/commons-configuration/1.6/commons-configuration-1.6.jar:/Users/mox/.m2/repository/commons-collections/commons-collections/3.2.1/commons-collections-3.2.1.jar:/Users/mox/.m2/repository/commons-lang/commons-lang/2.4/commons-lang-2.4.jar:/Users/mox/.m2/repository/commons-logging/commons-logging/1.1.1/commons-logging-1.1.1.jar:/Users/mox/.m2/repository/commons-digester/commons-digester/1.8/commons-digester-1.8.jar:/Users/mox/.m2/repository/commons-beanutils/commons-beanutils/1.7.0/commons-beanutils-1.7.0.jar:/Users/mox/.m2/repository/commons-beanutils/commons-beanutils-core/1.8.0/commons-beanutils-core-1.8.0.jar:/Users/mox/Dati/Progetti/cybion/collective-workspace/collective/user-tests/model/target/user-tests-model-1.0-SNAPSHOT.jar:/Users/mox/.m2/repository/com/google/code/gson/gson/2.2.2/gson-2.2.2.jar:/Users/mox/.m2/repository/log4j/log4j/1.2.15/log4j-1.2.15.jar:/Users/mox/.m2/repository/org/testng/testng/6.3.1/testng-6.3.1.jar:/Users/mox/.m2/repository/junit/junit/3.8.1/junit-3.8.1.jar:/Users/mox/.m2/repository/org/beanshell/bsh/2.0b4/bsh-2.0b4.jar:/Users/mox/.m2/repository/com/beust/jcommander/1.12/jcommander-1.12.jar:/Users/mox/.m2/repository/org/yaml/snakeyaml/1.6/snakeyaml-1.6.jar:"/>
    <property name="java.vm.specification.version" value="1.0"/>
    <property name="sun.arch.data.model" value="64"/>
    <property name="java.home" value="/System/Library/Java/JavaVirtualMachines/1.6.0.jdk/Contents/Home"/>
    <property name="sun.java.command" value="/var/folders/2D/2Ddp8FdXEgWrI0ZOIjx-LE+++TI/-Tmp-/surefirebooter6907215912101218226.jar /var/folders/2D/2Ddp8FdXEgWrI0ZOIjx-LE+++TI/-Tmp-/surefire1264780668034682255tmp /var/folders/2D/2Ddp8FdXEgWrI0ZOIjx-LE+++TI/-Tmp-/surefire9103588914497460136tmp"/>
    <property name="java.specification.vendor" value="Sun Microsystems Inc."/>
    <property name="user.language" value="it"/>
    <property name="awt.toolkit" value="apple.awt.CToolkit"/>
    <property name="java.vm.info" value="mixed mode"/>
    <property name="java.version" value="1.6.0_26"/>
    <property name="java.ext.dirs" value="/Library/Java/Extensions:/System/Library/Java/Extensions:/System/Library/Java/JavaVirtualMachines/1.6.0.jdk/Contents/Home/lib/ext"/>
    <property name="sun.boot.class.path" value="/System/Library/Java/JavaVirtualMachines/1.6.0.jdk/Contents/Classes/jsfd.jar:/System/Library/Java/JavaVirtualMachines/1.6.0.jdk/Contents/Classes/classes.jar:/System/Library/Frameworks/JavaVM.framework/Frameworks/JavaRuntimeSupport.framework/Resources/Java/JavaRuntimeSupport.jar:/System/Library/Java/JavaVirtualMachines/1.6.0.jdk/Contents/Classes/ui.jar:/System/Library/Java/JavaVirtualMachines/1.6.0.jdk/Contents/Classes/laf.jar:/System/Library/Java/JavaVirtualMachines/1.6.0.jdk/Contents/Classes/sunrsasign.jar:/System/Library/Java/JavaVirtualMachines/1.6.0.jdk/Contents/Classes/jsse.jar:/System/Library/Java/JavaVirtualMachines/1.6.0.jdk/Contents/Classes/jce.jar:/System/Library/Java/JavaVirtualMachines/1.6.0.jdk/Contents/Classes/charsets.jar"/>
    <property name="java.vendor" value="Apple Inc."/>
    <property name="localRepository" value="/Users/mox/.m2/repository"/>
    <property name="file.separator" value="/"/>
    <property name="java.vendor.url.bug" value="http://bugreport.apple.com/"/>
    <property name="sun.cpu.endian" value="little"/>
    <property name="sun.io.unicode.encoding" value="UnicodeLittle"/>
    <property name="mrj.version" value="1050.1.6.0_26-384"/>
    <property name="socksNonProxyHosts" value="local|*.local|169.254/16|*.169.254/16"/>
    <property name="ftp.nonProxyHosts" value="local|*.local|169.254/16|*.169.254/16"/>
    <property name="sun.cpu.isalist" value=""/>
  </properties>
  <testcase time="0.035" classname="com.collective.usertests.persistence.configuration.ConfigurationManagerTestCase" name="testConfiguration"/>
  <testcase time="3.194" classname="com.collective.usertests.persistence.dao.ReasonDaoTestCase" name="shouldTestCRUD"/>
  <testcase time="0.028" classname="com.collective.usertests.persistence.dao.ReasonDaoTestCase" name="shouldTestSelectAll"/>
  <testcase time="0.752" classname="com.collective.usertests.persistence.dao.UserFeedbackTestCase" name="getAllUserFeedbackByUserId"/>
  <testcase time="0.126" classname="com.collective.usertests.persistence.dao.UserFeedbackTestCase" name="shouldTestCRUD"/>
  <testcase time="0.111" classname="com.collective.usertests.persistence.dao.UserFeedbackTestCase" name="shouldTestIncompleteObjectInsert"/>
</testsuite>